<?xml version="1.0" encoding="UTF-8"?>
<!-- Generated by org.testng.reporters.JUnitReportReporter -->
<testsuite hostname="DESKTOP-H5ERULQ" failures="0" tests="1" name="com.landsoftwingo.automation.CasoPositivo" time="15.388" errors="0" timestamp="2021-11-18T15:05:07 COT" skipped="0">
  <testcase classname="com.landsoftwingo.automation.CasoPositivo" name="buscarPaquete" time="15.388"/>
  <system-out/>
</testsuite> <!-- com.landsoftwingo.automation.CasoPositivo -->
